<?xml version="1.0" encoding="UTF-8"?>
<testsuite xmlns:xsi="http://www.w3.org/2001/XMLSchema-instance" xsi:noNamespaceSchemaLocation="https://maven.apache.org/surefire/maven-surefire-plugin/xsd/surefire-test-report-3.0.xsd" version="3.0" name="com.cryptoinsight.backend.BackendApplicationTests" time="2.959" tests="1" errors="0" skipped="0" failures="0">
  <properties>
[...]
</properties>
  <testcase name="contextLoads" classname="com.cryptoinsight.backend.BackendApplicationTests" time="0.706">
    <system-out><![CDATA[21:42:55.411 [main] INFO org.springframework.test.context.support.AnnotationConfigContextLoaderUtils -- Could not detect default configuration classes for test class [com.cryptoinsight.backend.BackendApplicationTests]: BackendApplicationTests does not declare any static, non-private, non-final, nested classes annotated with @Configuration.
21:42:55.493 [main] INFO org.springframework.boot.test.context.SpringBootTestContextBootstrapper -- Found @SpringBootConfiguration com.cryptoinsight.backend.BackendApplication for test class com.cryptoinsight.backend.BackendApplicationTests

  .   ____          _            __ _ _
 /\\ / ___'_ __ _ _(_)_ __  __ _ \ \ \ \
( ( )\___ | '_ | '_| | '_ \/ _` | \ \ \ \
 \\/  ___)| |_)| | | | | || (_| |  ) ) ) )
  '  |____| .__|_| |_|_| |_\__, | / / / /
 =========|_|==============|___/=/_/_/_/

 :: Spring Boot ::                (v3.3.5)

2024-11-30T21:42:55.798+01:00  INFO 22943 --- [backend] [           main] c.c.backend.BackendApplicationTests      : Starting BackendApplicationTests using Java 21.0.5 with PID 22943 (started by ensimag in /home/ensimag/CryptoInsight/backend)
2024-11-30T21:42:55.799+01:00  INFO 22943 --- [backend] [           main] c.c.backend.BackendApplicationTests      : No active profile set, falling back to 1 default profile: "default"
2024-11-30T21:42:57.499+01:00  INFO 22943 --- [backend] [           main] c.c.backend.BackendApplicationTests      : Started BackendApplicationTests in 1.903 seconds (process running for 2.719)
]]></system-out>
    <system-err><![CDATA[WARNING: A Java agent has been loaded dynamically (/home/ensimag/.m2/repository/net/bytebuddy/byte-buddy-agent/1.14.19/byte-buddy-agent-1.14.19.jar)
WARNING: If a serviceability tool is in use, please run with -XX:+EnableDynamicAgentLoading to hide this warning
WARNING: If a serviceability tool is not in use, please run with -Djdk.instrument.traceUsage for more information
WARNING: Dynamic loading of agents will be disallowed by default in a future release
]]></system-err>
  </testcase>
</testsuite>